<?xml version="1.0" encoding="UTF-8"?>
<testng-results ignored="0" total="1" passed="1" failed="0" skipped="0">
  <reporter-output>
  </reporter-output>
  <suite started-at="2024-01-11T18:17:07 IST" name="Default suite" finished-at="2024-01-11T18:17:21 IST" duration-ms="14435">
    <groups>
    </groups>
    <test started-at="2024-01-11T18:17:07 IST" name="Default test" finished-at="2024-01-11T18:17:21 IST" duration-ms="14435">
      <class name="electronics.TC_DWS_002_Test">
        <test-method is-config="true" signature="configReport()[pri:0, instance:electronics.TC_DWS_002_Test@2a4fb17b]" started-at="2024-01-11T18:17:06 IST" name="configReport" finished-at="2024-01-11T18:17:07 IST" duration-ms="220" status="PASS">
          <reporter-output>
          </reporter-output>
        </test-method> <!-- configReport -->
        <test-method is-config="true" signature="launch(java.lang.String)[pri:0, instance:electronics.TC_DWS_002_Test@2a4fb17b]" started-at="2024-01-11T18:17:07 IST" name="launch" finished-at="2024-01-11T18:17:13 IST" duration-ms="6645" status="PASS">
          <params>
            <param index="0">
              <value>
                <![CDATA[chrome]]>
              </value>
            </param>
          </params>
          <reporter-output>
          </reporter-output>
        </test-method> <!-- launch -->
        <test-method is-config="true" signature="login(java.lang.reflect.Method)[pri:0, instance:electronics.TC_DWS_002_Test@2a4fb17b]" started-at="2024-01-11T18:17:13 IST" name="login" finished-at="2024-01-11T18:17:17 IST" duration-ms="3457" status="PASS">
          <params>
            <param index="0">
              <value>
                <![CDATA[public void electronics.TC_DWS_002_Test.electronics_test()]]>
              </value>
            </param>
          </params>
          <reporter-output>
          </reporter-output>
        </test-method> <!-- login -->
        <test-method signature="electronics_test()[pri:0, instance:electronics.TC_DWS_002_Test@2a4fb17b]" started-at="2024-01-11T18:17:17 IST" name="electronics_test" finished-at="2024-01-11T18:17:20 IST" duration-ms="2950" status="PASS">
          <reporter-output>
          </reporter-output>
        </test-method> <!-- electronics_test -->
        <test-method is-config="true" signature="logout()[pri:0, instance:electronics.TC_DWS_002_Test@2a4fb17b]" started-at="2024-01-11T18:17:20 IST" name="logout" finished-at="2024-01-11T18:17:21 IST" duration-ms="1122" status="PASS">
          <reporter-output>
          </reporter-output>
        </test-method> <!-- logout -->
        <test-method is-config="true" signature="close()[pri:0, instance:electronics.TC_DWS_002_Test@2a4fb17b]" started-at="2024-01-11T18:17:21 IST" name="close" finished-at="2024-01-11T18:17:21 IST" duration-ms="221" status="PASS">
          <reporter-output>
          </reporter-output>
        </test-method> <!-- close -->
        <test-method is-config="true" signature="reportBackup()[pri:0, instance:electronics.TC_DWS_002_Test@2a4fb17b]" started-at="2024-01-11T18:17:21 IST" name="reportBackup" finished-at="2024-01-11T18:17:21 IST" duration-ms="272" status="PASS">
          <reporter-output>
          </reporter-output>
        </test-method> <!-- reportBackup -->
      </class> <!-- electronics.TC_DWS_002_Test -->
    </test> <!-- Default test -->
  </suite> <!-- Default suite -->
</testng-results>
